2024-12-15 01:02:20,687 CRIT Supervisor is running as root.  Privileges were not dropped because no user is specified in the config file.  If you intend to run as root, you can set user=root in the config file to avoid this message.
2024-12-15 01:02:20,688 INFO supervisord started with pid 1
2024-12-15 01:02:21,697 INFO spawned: 'php-fpm' with pid 7
2024-12-15 01:02:22,742 INFO success: php-fpm entered RUNNING state, process has stayed up for > than 1 seconds (startsecs)
2024-12-15 01:03:04,978 WARN received SIGQUIT indicating exit request
2024-12-15 01:03:04,980 INFO waiting for php-fpm to die
2024-12-15 01:03:06,002 INFO stopped: php-fpm (exit status 0)
2024-12-15 01:03:21,808 CRIT Supervisor is running as root.  Privileges were not dropped because no user is specified in the config file.  If you intend to run as root, you can set user=root in the config file to avoid this message.
2024-12-15 01:03:21,831 INFO supervisord started with pid 1
2024-12-15 01:03:22,876 INFO spawned: 'php-fpm' with pid 7
2024-12-15 01:03:24,017 INFO success: php-fpm entered RUNNING state, process has stayed up for > than 1 seconds (startsecs)
2024-12-15 01:09:05,264 WARN received SIGQUIT indicating exit request
2024-12-15 01:09:05,266 INFO waiting for php-fpm to die
2024-12-15 01:09:06,284 INFO stopped: php-fpm (exit status 0)
2024-12-15 01:09:25,672 CRIT Supervisor is running as root.  Privileges were not dropped because no user is specified in the config file.  If you intend to run as root, you can set user=root in the config file to avoid this message.
2024-12-15 01:09:25,674 INFO supervisord started with pid 1
2024-12-15 01:09:26,686 INFO spawned: 'php-fpm' with pid 7
2024-12-15 01:09:27,723 INFO success: php-fpm entered RUNNING state, process has stayed up for > than 1 seconds (startsecs)
2024-12-15 01:11:28,194 WARN received SIGQUIT indicating exit request
2024-12-15 01:11:28,196 INFO waiting for php-fpm to die
2024-12-15 01:11:28,211 INFO stopped: php-fpm (exit status 0)
2024-12-15 01:11:35,586 CRIT Supervisor is running as root.  Privileges were not dropped because no user is specified in the config file.  If you intend to run as root, you can set user=root in the config file to avoid this message.
2024-12-15 01:11:35,587 INFO supervisord started with pid 1
2024-12-15 01:11:36,593 INFO spawned: 'php-fpm' with pid 7
2024-12-15 01:11:37,620 INFO success: php-fpm entered RUNNING state, process has stayed up for > than 1 seconds (startsecs)
2024-12-15 01:14:07,185 WARN received SIGQUIT indicating exit request
2024-12-15 01:14:07,223 INFO waiting for php-fpm to die
2024-12-15 01:14:08,245 INFO stopped: php-fpm (exit status 0)
2024-12-15 01:14:14,935 CRIT Supervisor is running as root.  Privileges were not dropped because no user is specified in the config file.  If you intend to run as root, you can set user=root in the config file to avoid this message.
2024-12-15 01:14:14,937 INFO supervisord started with pid 1
2024-12-15 01:14:15,945 INFO spawned: 'php-fpm' with pid 6
2024-12-15 01:14:16,984 INFO success: php-fpm entered RUNNING state, process has stayed up for > than 1 seconds (startsecs)
2024-12-15 01:19:45,238 WARN received SIGQUIT indicating exit request
2024-12-15 01:19:45,240 INFO waiting for php-fpm to die
2024-12-15 01:19:46,269 INFO stopped: php-fpm (exit status 0)
2024-12-15 01:19:57,195 CRIT Supervisor is running as root.  Privileges were not dropped because no user is specified in the config file.  If you intend to run as root, you can set user=root in the config file to avoid this message.
2024-12-15 01:19:57,197 INFO supervisord started with pid 1
2024-12-15 01:19:58,201 INFO spawned: 'php-fpm' with pid 7
2024-12-15 01:19:59,228 INFO success: php-fpm entered RUNNING state, process has stayed up for > than 1 seconds (startsecs)
2024-12-15 01:27:15,853 WARN received SIGQUIT indicating exit request
2024-12-15 01:27:15,857 INFO waiting for php-fpm to die
2024-12-15 01:27:16,884 INFO stopped: php-fpm (exit status 0)
2024-12-15 01:27:31,933 CRIT Supervisor is running as root.  Privileges were not dropped because no user is specified in the config file.  If you intend to run as root, you can set user=root in the config file to avoid this message.
2024-12-15 01:27:31,935 INFO supervisord started with pid 1
2024-12-15 01:27:32,938 INFO spawned: 'php-fpm' with pid 7
2024-12-15 01:27:33,957 INFO success: php-fpm entered RUNNING state, process has stayed up for > than 1 seconds (startsecs)
2024-12-15 01:31:02,709 WARN received SIGQUIT indicating exit request
2024-12-15 01:31:02,713 INFO waiting for php-fpm to die
2024-12-15 01:31:03,741 INFO stopped: php-fpm (exit status 0)
2024-12-15 01:31:09,009 CRIT Supervisor is running as root.  Privileges were not dropped because no user is specified in the config file.  If you intend to run as root, you can set user=root in the config file to avoid this message.
2024-12-15 01:31:09,011 INFO supervisord started with pid 1
2024-12-15 01:31:10,019 INFO spawned: 'php-fpm' with pid 7
2024-12-15 01:31:11,056 INFO success: php-fpm entered RUNNING state, process has stayed up for > than 1 seconds (startsecs)
2024-12-15 01:32:14,351 WARN received SIGQUIT indicating exit request
2024-12-15 01:32:14,353 INFO waiting for php-fpm to die
2024-12-15 01:32:15,370 INFO stopped: php-fpm (exit status 0)
2024-12-15 01:32:22,499 CRIT Supervisor is running as root.  Privileges were not dropped because no user is specified in the config file.  If you intend to run as root, you can set user=root in the config file to avoid this message.
2024-12-15 01:32:22,501 INFO supervisord started with pid 1
2024-12-15 01:32:23,513 INFO spawned: 'php-fpm' with pid 7
2024-12-15 01:32:24,543 INFO success: php-fpm entered RUNNING state, process has stayed up for > than 1 seconds (startsecs)
2024-12-15 01:58:39,759 WARN received SIGQUIT indicating exit request
2024-12-15 01:58:39,761 INFO waiting for php-fpm to die
2024-12-15 01:58:40,778 INFO stopped: php-fpm (exit status 0)
2024-12-15 01:58:49,427 CRIT Supervisor is running as root.  Privileges were not dropped because no user is specified in the config file.  If you intend to run as root, you can set user=root in the config file to avoid this message.
2024-12-15 01:58:49,430 INFO supervisord started with pid 1
2024-12-15 01:58:50,442 INFO spawned: 'php-fpm' with pid 7
2024-12-15 01:58:51,485 INFO success: php-fpm entered RUNNING state, process has stayed up for > than 1 seconds (startsecs)
2024-12-15 02:12:36,734 WARN received SIGQUIT indicating exit request
2024-12-15 02:12:36,739 INFO waiting for php-fpm to die
2024-12-15 02:12:37,768 INFO stopped: php-fpm (exit status 0)
2024-12-15 02:12:52,489 CRIT Supervisor is running as root.  Privileges were not dropped because no user is specified in the config file.  If you intend to run as root, you can set user=root in the config file to avoid this message.
2024-12-15 02:12:52,490 INFO supervisord started with pid 1
2024-12-15 02:12:53,500 INFO spawned: 'php-fpm' with pid 7
2024-12-15 02:12:54,524 INFO success: php-fpm entered RUNNING state, process has stayed up for > than 1 seconds (startsecs)
2024-12-15 02:16:50,622 WARN received SIGQUIT indicating exit request
2024-12-15 02:16:50,628 INFO waiting for php-fpm to die
2024-12-15 02:16:51,657 INFO stopped: php-fpm (exit status 0)
2024-12-15 02:16:58,085 CRIT Supervisor is running as root.  Privileges were not dropped because no user is specified in the config file.  If you intend to run as root, you can set user=root in the config file to avoid this message.
2024-12-15 02:16:58,087 INFO supervisord started with pid 1
2024-12-15 02:16:59,095 INFO spawned: 'php-fpm' with pid 7
2024-12-15 02:17:00,134 INFO success: php-fpm entered RUNNING state, process has stayed up for > than 1 seconds (startsecs)
2024-12-15 02:19:25,813 WARN received SIGQUIT indicating exit request
2024-12-15 02:19:25,815 INFO waiting for php-fpm to die
2024-12-15 02:19:26,830 INFO stopped: php-fpm (exit status 0)
2024-12-15 02:19:34,677 CRIT Supervisor is running as root.  Privileges were not dropped because no user is specified in the config file.  If you intend to run as root, you can set user=root in the config file to avoid this message.
2024-12-15 02:19:34,679 INFO supervisord started with pid 1
2024-12-15 02:19:35,689 INFO spawned: 'php-fpm' with pid 7
2024-12-15 02:19:36,722 INFO success: php-fpm entered RUNNING state, process has stayed up for > than 1 seconds (startsecs)
2024-12-15 02:24:07,133 WARN received SIGQUIT indicating exit request
2024-12-15 02:24:07,144 INFO waiting for php-fpm to die
2024-12-15 02:24:07,172 INFO stopped: php-fpm (exit status 0)
2024-12-15 02:24:13,163 CRIT Supervisor is running as root.  Privileges were not dropped because no user is specified in the config file.  If you intend to run as root, you can set user=root in the config file to avoid this message.
2024-12-15 02:24:13,164 INFO supervisord started with pid 1
2024-12-15 02:24:14,170 INFO spawned: 'php-fpm' with pid 7
2024-12-15 02:24:15,205 INFO success: php-fpm entered RUNNING state, process has stayed up for > than 1 seconds (startsecs)
2024-12-15 02:36:00,909 WARN received SIGQUIT indicating exit request
2024-12-15 02:36:00,911 INFO waiting for php-fpm to die
2024-12-15 02:36:01,936 INFO stopped: php-fpm (exit status 0)
2024-12-15 02:36:12,576 CRIT Supervisor is running as root.  Privileges were not dropped because no user is specified in the config file.  If you intend to run as root, you can set user=root in the config file to avoid this message.
2024-12-15 02:36:12,578 INFO supervisord started with pid 1
2024-12-15 02:36:13,588 INFO spawned: 'php-fpm' with pid 7
2024-12-15 02:36:14,629 INFO success: php-fpm entered RUNNING state, process has stayed up for > than 1 seconds (startsecs)
2024-12-15 02:40:52,929 WARN received SIGQUIT indicating exit request
2024-12-15 02:40:52,934 INFO waiting for php-fpm to die
2024-12-15 02:40:53,962 INFO stopped: php-fpm (exit status 0)
2024-12-15 11:54:00,576 CRIT Supervisor is running as root.  Privileges were not dropped because no user is specified in the config file.  If you intend to run as root, you can set user=root in the config file to avoid this message.
2024-12-15 11:54:00,577 INFO supervisord started with pid 1
2024-12-15 11:54:01,583 INFO spawned: 'php-fpm' with pid 7
2024-12-15 11:54:02,643 INFO success: php-fpm entered RUNNING state, process has stayed up for > than 1 seconds (startsecs)
